# JRE version: Java(TM) SE Runtime Environment (15.0.1+9) (build 15.0.1+9-18)
# Java VM: Java HotSpot(TM) 64-Bit Server VM (15.0.1+9-18, mixed mode, sharing, tiered, compressed oops, g1 gc, windows-amd64)
GC Precious Log:
 CPUs: 4 total, 4 available
 Memory: 3988M
 Large Page Support: Disabled
 NUMA Support: Disabled
 Compressed Oops: Enabled (32-bit)
 Heap Region Size: 1M
 Heap Min Capacity: 256M
 Heap Initial Capacity: 256M
 Heap Max Capacity: 512M
 Pre-touch: Disabled
 Parallel Workers: 4
 Concurrent Workers: 1
 Concurrent Refinement Workers: 4
 Periodic GC: Disabled
Heap:
 garbage-first heap   total 262144K, used 129950K [0x00000000e0000000, 0x0000000100000000)
  region size 1024K, 103 young (105472K), 10 survivors (10240K)
 Metaspace       used 53755K, capacity 54892K, committed 55216K, reserved 303104K
  class space    used 6966K, capacity 7301K, committed 7424K, reserved 253952K
GC Heap History (14 events):
Event: 2.715 GC heap before
{Heap before GC invocations=0 (full 0):
 garbage-first heap   total 262144K, used 18432K [0x00000000e0000000, 0x0000000100000000)
  region size 1024K, 13 young (13312K), 0 survivors (0K)
 Metaspace       used 1710K, capacity 5241K, committed 5504K, reserved 262144K
  class space    used 172K, capacity 531K, committed 640K, reserved 253952K
}
Event: 2.723 GC heap after
{Heap after GC invocations=1 (full 0):
 garbage-first heap   total 262144K, used 8151K [0x00000000e0000000, 0x0000000100000000)
  region size 1024K, 2 young (2048K), 2 survivors (2048K)
 Metaspace       used 1710K, capacity 5241K, committed 5504K, reserved 262144K
  class space    used 172K, capacity 531K, committed 640K, reserved 253952K
}
Event: 4.024 GC heap before
{Heap before GC invocations=1 (full 0):
 garbage-first heap   total 262144K, used 19415K [0x00000000e0000000, 0x0000000100000000)
  region size 1024K, 13 young (13312K), 2 survivors (2048K)
 Metaspace       used 3960K, capacity 6607K, committed 6656K, reserved 262144K
  class space    used 488K, capacity 729K, committed 768K, reserved 253952K
}
Event: 4.028 GC heap after
{Heap after GC invocations=2 (full 0):
 garbage-first heap   total 262144K, used 8943K [0x00000000e0000000, 0x0000000100000000)
  region size 1024K, 1 young (1024K), 1 survivors (1024K)
 Metaspace       used 3960K, capacity 6607K, committed 6656K, reserved 262144K
  class space    used 488K, capacity 729K, committed 768K, reserved 253952K
}
Event: 5.141 GC heap before
{Heap before GC invocations=2 (full 0):
 garbage-first heap   total 262144K, used 30447K [0x00000000e0000000, 0x0000000100000000)
  region size 1024K, 23 young (23552K), 1 survivors (1024K)
 Metaspace       used 4088K, capacity 6607K, committed 6656K, reserved 262144K
  class space    used 491K, capacity 729K, committed 768K, reserved 253952K
}
Event: 5.147 GC heap after
{Heap after GC invocations=3 (full 0):
 garbage-first heap   total 262144K, used 11047K [0x00000000e0000000, 0x0000000100000000)
  region size 1024K, 3 young (3072K), 3 survivors (3072K)
 Metaspace       used 4088K, capacity 6607K, committed 6656K, reserved 262144K
  class space    used 491K, capacity 729K, committed 768K, reserved 253952K
}
Event: 12.156 GC heap before
{Heap before GC invocations=3 (full 0):
 garbage-first heap   total 262144K, used 104231K [0x00000000e0000000, 0x0000000100000000)
  region size 1024K, 95 young (97280K), 3 survivors (3072K)
 Metaspace       used 20691K, capacity 21155K, committed 21296K, reserved 272384K
  class space    used 2976K, capacity 3109K, committed 3200K, reserved 253952K
}
Event: 12.170 GC heap after
{Heap after GC invocations=4 (full 0):
 garbage-first heap   total 262144K, used 18869K [0x00000000e0000000, 0x0000000100000000)
  region size 1024K, 11 young (11264K), 11 survivors (11264K)
 Metaspace       used 20691K, capacity 21155K, committed 21296K, reserved 272384K
  class space    used 2976K, capacity 3109K, committed 3200K, reserved 253952K
}
Event: 22.258 GC heap before
{Heap before GC invocations=5 (full 0):
 garbage-first heap   total 262144K, used 102837K [0x00000000e0000000, 0x0000000100000000)
  region size 1024K, 91 young (93184K), 11 survivors (11264K)
 Metaspace       used 35077K, capacity 35778K, committed 35888K, reserved 286720K
  class space    used 4696K, capacity 4909K, committed 4992K, reserved 253952K
}
Event: 22.279 GC heap after
{Heap after GC invocations=6 (full 0):
 garbage-first heap   total 262144K, used 25917K [0x00000000e0000000, 0x0000000100000000)
  region size 1024K, 8 young (8192K), 8 survivors (8192K)
 Metaspace       used 35077K, capacity 35778K, committed 35888K, reserved 286720K
  class space    used 4696K, capacity 4909K, committed 4992K, reserved 253952K
}
Event: 25.515 GC heap before
{Heap before GC invocations=7 (full 0):
 garbage-first heap   total 262144K, used 129341K [0x00000000e0000000, 0x0000000100000000)
  region size 1024K, 109 young (111616K), 8 survivors (8192K)
 Metaspace       used 49969K, capacity 50857K, committed 50992K, reserved 299008K
  class space    used 6730K, capacity 6958K, committed 7040K, reserved 253952K
}
Event: 25.548 GC heap after
{Heap after GC invocations=8 (full 0):
 garbage-first heap   total 262144K, used 34517K [0x00000000e0000000, 0x0000000100000000)
  region size 1024K, 14 young (14336K), 14 survivors (14336K)
 Metaspace       used 49969K, capacity 50857K, committed 50992K, reserved 299008K
  class space    used 6730K, capacity 6958K, committed 7040K, reserved 253952K
}
Event: 209.595 GC heap before
{Heap before GC invocations=9 (full 0):
 garbage-first heap   total 262144K, used 154325K [0x00000000e0000000, 0x0000000100000000)
  region size 1024K, 132 young (135168K), 14 survivors (14336K)
 Metaspace       used 52222K, capacity 53337K, committed 53552K, reserved 301056K
  class space    used 6851K, capacity 7200K, committed 7296K, reserved 253952K
}
Event: 209.620 GC heap after
{Heap after GC invocations=10 (full 0):
 garbage-first heap   total 262144K, used 36766K [0x00000000e0000000, 0x0000000100000000)
  region size 1024K, 10 young (10240K), 10 survivors (10240K)
 Metaspace       used 52222K, capacity 53337K, committed 53552K, reserved 301056K
  class space    used 6851K, capacity 7200K, committed 7296K, reserved 253952K
}

